E, [2020-10-19T20:18:05.767250 #7644] ERROR -- Kitchen: ------Exception-------
E, [2020-10-19T20:18:05.769250 #7644] ERROR -- Kitchen: Class: Kitchen::UserError
E, [2020-10-19T20:18:05.769250 #7644] ERROR -- Kitchen: Message: Kitchen YAML file C:/Users/Sagar/projects/chef/cookbooks/.kitchen.yml does not exist.
E, [2020-10-19T20:18:05.769250 #7644] ERROR -- Kitchen: ----------------------
E, [2020-10-19T20:18:05.769250 #7644] ERROR -- Kitchen: ------Backtrace-------
E, [2020-10-19T20:18:05.770250 #7644] ERROR -- Kitchen: C:/opscode/chefdk/embedded/lib/ruby/gems/2.5.0/gems/test-kitchen-1.24.0/lib/kitchen/loader/yaml.rb:65:in `read'
E, [2020-10-19T20:18:05.770250 #7644] ERROR -- Kitchen: C:/opscode/chefdk/embedded/lib/ruby/gems/2.5.0/gems/test-kitchen-1.24.0/lib/kitchen/config.rb:152:in `data'
E, [2020-10-19T20:18:05.770250 #7644] ERROR -- Kitchen: C:/opscode/chefdk/embedded/lib/ruby/gems/2.5.0/gems/test-kitchen-1.24.0/lib/kitchen/config.rb:131:in `suites'
E, [2020-10-19T20:18:05.770250 #7644] ERROR -- Kitchen: C:/opscode/chefdk/embedded/lib/ruby/gems/2.5.0/gems/test-kitchen-1.24.0/lib/kitchen/config.rb:182:in `filter_instances'
E, [2020-10-19T20:18:05.771250 #7644] ERROR -- Kitchen: C:/opscode/chefdk/embedded/lib/ruby/gems/2.5.0/gems/test-kitchen-1.24.0/lib/kitchen/config.rb:141:in `build_instances'
E, [2020-10-19T20:18:05.771250 #7644] ERROR -- Kitchen: C:/opscode/chefdk/embedded/lib/ruby/gems/2.5.0/gems/test-kitchen-1.24.0/lib/kitchen/config.rb:117:in `instances'
E, [2020-10-19T20:18:05.771250 #7644] ERROR -- Kitchen: C:/opscode/chefdk/embedded/lib/ruby/gems/2.5.0/gems/test-kitchen-1.24.0/lib/kitchen/command.rb:112:in `filtered_instances'
E, [2020-10-19T20:18:05.771250 #7644] ERROR -- Kitchen: C:/opscode/chefdk/embedded/lib/ruby/gems/2.5.0/gems/test-kitchen-1.24.0/lib/kitchen/command.rb:142:in `parse_subcommand'
E, [2020-10-19T20:18:05.771250 #7644] ERROR -- Kitchen: C:/opscode/chefdk/embedded/lib/ruby/gems/2.5.0/gems/test-kitchen-1.24.0/lib/kitchen/command/list.rb:30:in `call'
E, [2020-10-19T20:18:05.772250 #7644] ERROR -- Kitchen: C:/opscode/chefdk/embedded/lib/ruby/gems/2.5.0/gems/test-kitchen-1.24.0/lib/kitchen/cli.rb:52:in `perform'
E, [2020-10-19T20:18:05.772250 #7644] ERROR -- Kitchen: C:/opscode/chefdk/embedded/lib/ruby/gems/2.5.0/gems/test-kitchen-1.24.0/lib/kitchen/cli.rb:120:in `list'
E, [2020-10-19T20:18:05.772250 #7644] ERROR -- Kitchen: C:/opscode/chefdk/embedded/lib/ruby/gems/2.5.0/gems/thor-0.20.3/lib/thor/command.rb:27:in `run'
E, [2020-10-19T20:18:05.772250 #7644] ERROR -- Kitchen: C:/opscode/chefdk/embedded/lib/ruby/gems/2.5.0/gems/thor-0.20.3/lib/thor/invocation.rb:126:in `invoke_command'
E, [2020-10-19T20:18:05.772250 #7644] ERROR -- Kitchen: C:/opscode/chefdk/embedded/lib/ruby/gems/2.5.0/gems/thor-0.20.3/lib/thor.rb:387:in `dispatch'
E, [2020-10-19T20:18:05.772250 #7644] ERROR -- Kitchen: C:/opscode/chefdk/embedded/lib/ruby/gems/2.5.0/gems/thor-0.20.3/lib/thor/base.rb:466:in `start'
E, [2020-10-19T20:18:05.773250 #7644] ERROR -- Kitchen: C:/opscode/chefdk/embedded/lib/ruby/gems/2.5.0/gems/test-kitchen-1.24.0/bin/kitchen:13:in `block in <top (required)>'
E, [2020-10-19T20:18:05.773250 #7644] ERROR -- Kitchen: C:/opscode/chefdk/embedded/lib/ruby/gems/2.5.0/gems/test-kitchen-1.24.0/lib/kitchen/errors.rb:171:in `with_friendly_errors'
E, [2020-10-19T20:18:05.773250 #7644] ERROR -- Kitchen: C:/opscode/chefdk/embedded/lib/ruby/gems/2.5.0/gems/test-kitchen-1.24.0/bin/kitchen:13:in `<top (required)>'
E, [2020-10-19T20:18:05.773250 #7644] ERROR -- Kitchen: C:/opscode/chefdk/bin/kitchen:324:in `load'
E, [2020-10-19T20:18:05.773250 #7644] ERROR -- Kitchen: C:/opscode/chefdk/bin/kitchen:324:in `<main>'
E, [2020-10-19T20:18:05.774250 #7644] ERROR -- Kitchen: ----End Backtrace-----
